D:\备份7-13\编程相关项目\PROGRAMING PRACTICE\PRACTICE\DEBUG\9_9MULTIPLICATION.OBJ
D:\备份7-13\编程相关项目\PROGRAMING PRACTICE\PRACTICE\DEBUG\BADPARAMETERCOUNT.OBJ
D:\备份7-13\编程相关项目\PROGRAMING PRACTICE\PRACTICE\DEBUG\BINARY.OBJ
D:\备份7-13\编程相关项目\PROGRAMING PRACTICE\PRACTICE\DEBUG\CHANGEVALUEOFTWONUMBER.OBJ
D:\备份7-13\编程相关项目\programing practice\practice\Debug\cl.command.1.tlog
D:\备份7-13\编程相关项目\programing practice\practice\Debug\CL.read.1.tlog
D:\备份7-13\编程相关项目\programing practice\practice\Debug\CL.write.1.tlog
D:\备份7-13\编程相关项目\PROGRAMING PRACTICE\PRACTICE\DEBUG\DATATYPELENGTH.OBJ
D:\备份7-13\编程相关项目\PROGRAMING PRACTICE\PRACTICE\DEBUG\ESCAPE.OBJ
D:\备份7-13\编程相关项目\programing practice\practice\Debug\link.command.1.tlog
D:\备份7-13\编程相关项目\programing practice\practice\Debug\link.read.1.tlog
D:\备份7-13\编程相关项目\programing practice\practice\Debug\link.write.1.tlog
D:\备份7-13\编程相关项目\PROGRAMING PRACTICE\PRACTICE\DEBUG\MODULO_OPERATOR.OBJ
D:\备份7-13\编程相关项目\PROGRAMING PRACTICE\PRACTICE\DEBUG\OPERATOR.OBJ
D:\备份7-13\编程相关项目\programing practice\practice\Debug\practice.exe.embed.manifest
D:\备份7-13\编程相关项目\PROGRAMING PRACTICE\PRACTICE\DEBUG\PRACTICE.EXE.EMBED.MANIFEST.RES
D:\备份7-13\编程相关项目\programing practice\practice\Debug\practice.write.1.tlog
D:\备份7-13\编程相关项目\PROGRAMING PRACTICE\PRACTICE\DEBUG\PRACTICE_1.OBJ
D:\备份7-13\编程相关项目\PROGRAMING PRACTICE\PRACTICE\DEBUG\PRACTICE_2.OBJ
D:\备份7-13\编程相关项目\programing practice\practice\Debug\practice_manifest.rc
D:\备份7-13\编程相关项目\PROGRAMING PRACTICE\PRACTICE\DEBUG\QUEUE.OBJ
D:\备份7-13\编程相关项目\programing practice\practice\Debug\rc.command.1.tlog
D:\备份7-13\编程相关项目\programing practice\practice\Debug\rc.read.1.tlog
D:\备份7-13\编程相关项目\programing practice\practice\Debug\rc.write.1.tlog
D:\备份7-13\编程相关项目\PROGRAMING PRACTICE\PRACTICE\DEBUG\STRINGSTORE.OBJ
D:\备份7-13\编程相关项目\PROGRAMING PRACTICE\PRACTICE\DEBUG\SUM.OBJ
D:\备份7-13\编程相关项目\programing practice\practice\Debug\vc100.idb
D:\备份7-13\编程相关项目\PROGRAMING PRACTICE\PRACTICE\DEBUG\VC100.PDB
D:\备份7-13\编程相关项目\PROGRAMING PRACTICE\PRACTICE\DEBUG\WHEAT.OBJ
